[2025-06-12 07:49:17] INFO: Connected to SQLite database
[2025-06-12 07:49:41] INFO: Connected to SQLite database
[2025-06-12 07:49:58] INFO: Connected to SQLite database
[2025-06-12 07:50:39] INFO: Connected to SQLite database
[2025-06-12 07:50:47] INFO: Connected to SQLite database
[2025-06-12 07:50:53] INFO: Connected to SQLite database
[2025-06-12 07:51:01] INFO: Connected to SQLite database
[2025-06-12 07:51:08] INFO: Connected to SQLite database
[2025-06-12 07:51:15] INFO: Connected to SQLite database
[2025-06-12 07:55:51] INFO: Connected to SQLite database
[2025-06-12 07:56:31] INFO: Connected to SQLite database
[2025-06-12 07:56:32] INFO: Connected to SQLite database
[2025-06-12 07:56:39] INFO: Connected to SQLite database
[2025-06-12 07:56:46] INFO: Connected to SQLite database
[2025-06-12 07:56:52] INFO: Connected to SQLite database
[2025-06-12 07:56:59] INFO: Connected to SQLite database
[2025-06-12 07:57:08] INFO: Connected to SQLite database
[2025-06-12 08:01:07] INFO: Connected to SQLite database
[2025-06-12 08:01:10] INFO: Connected to SQLite database
[2025-06-12 08:02:42] INFO: Connected to SQLite database
[2025-06-12 08:02:52] INFO: Connected to SQLite database
[2025-06-12 08:02:57] INFO: Connected to SQLite database
[2025-06-12 08:04:06] INFO: Connected to SQLite database
[2025-06-12 08:04:08] INFO: Connected to SQLite database
[2025-06-12 08:04:13] INFO: Connected to SQLite database
[2025-06-12 08:04:14] INFO: Connected to SQLite database
[2025-06-12 08:04:16] INFO: Connected to SQLite database
[2025-06-12 08:04:27] INFO: Connected to SQLite database
[2025-06-12 08:04:35] INFO: Connected to SQLite database
[2025-06-12 08:06:16] INFO: Connected to SQLite database
[2025-06-12 08:06:18] INFO: Connected to SQLite database
[2025-06-12 08:06:31] INFO: Connected to SQLite database
[2025-06-12 08:06:40] INFO: Connected to SQLite database
[2025-06-12 08:06:44] INFO: Connected to SQLite database
[2025-06-12 08:06:47] INFO: Connected to SQLite database
[2025-06-12 08:06:49] INFO: Connected to SQLite database
[2025-06-12 08:06:52] INFO: Connected to SQLite database
[2025-06-12 08:07:19] INFO: Connected to SQLite database
[2025-06-12 08:07:26] INFO: Connected to SQLite database
[2025-06-12 08:07:29] INFO: Connected to SQLite database
[2025-06-12 08:07:32] INFO: Connected to SQLite database
[2025-06-12 08:07:47] INFO: Connected to SQLite database
[2025-06-12 08:07:52] INFO: Connected to SQLite database
[2025-06-12 08:07:56] INFO: Connected to SQLite database
[2025-06-12 08:07:59] INFO: Connected to SQLite database
[2025-06-12 08:08:01] INFO: Connected to SQLite database
[2025-06-12 08:08:14] INFO: Connected to SQLite database
[2025-06-12 08:08:19] INFO: Connected to SQLite database
[2025-06-12 08:08:22] INFO: Connected to SQLite database
[2025-06-12 08:08:24] INFO: Connected to SQLite database
[2025-06-12 08:08:25] INFO: Connected to SQLite database
[2025-06-12 08:08:39] INFO: Connected to SQLite database
[2025-06-12 08:08:45] INFO: Connected to SQLite database
[2025-06-12 08:08:48] INFO: Connected to SQLite database
[2025-06-12 08:08:50] INFO: Connected to SQLite database
[2025-06-12 08:08:50] INFO: Server running on port 3000
[2025-06-12 08:09:19] INFO: Connected to SQLite database
[2025-06-12 08:09:20] INFO: Server running on port 3000
[2025-06-12 11:01:23] INFO: Connected to SQLite database
[2025-06-12 11:01:24] INFO: Server running on port 3000
[2025-06-12 11:01:36] INFO: Connected to SQLite database
[2025-06-12 11:01:37] INFO: Server running on port 3000
[2025-06-12 11:06:02] INFO: POST /api/auth/login - ::1
[2025-06-12 11:07:29] INFO: POST /api/auth - ::1
[2025-06-12 11:07:32] INFO: POST /api/auth - ::1
[2025-06-12 11:08:45] INFO: POST /api/users - ::1
[2025-06-12 11:09:17] INFO: POST /api/users/1 - ::1
[2025-06-12 11:10:22] INFO: POST /api/auth/login - ::1
[2025-06-12 11:10:52] INFO: Connected to SQLite database
[2025-06-12 11:10:52] INFO: Server running on port 3000
[2025-06-12 11:11:48] INFO: POST /api/auth/login - ::1
[2025-06-12 11:11:58] INFO: POST /api/auth/register - ::1
[2025-06-12 11:11:59] ERROR: Error: SQLITE_CONSTRAINT: NOT NULL constraint failed: users.email
[2025-06-12 11:12:10] INFO: POST /api/auth/register - ::1
[2025-06-12 11:12:11] ERROR: Error: secretOrPrivateKey must have a value
    at module.exports [as sign] (C:\Users\HARIKUMARSRTC2021BEC\Desktop\Military Asset Management System\Backend\node_modules\jsonwebtoken\sign.js:111:20)
    at generateToken (C:\Users\HARIKUMARSRTC2021BEC\Desktop\Military Asset Management System\Backend\controllers\authController.js:9:14)
    at register (C:\Users\HARIKUMARSRTC2021BEC\Desktop\Military Asset Management System\Backend\controllers\authController.js:30:19)
[2025-06-12 11:13:37] INFO: POST /api/auth/register - ::1
[2025-06-12 11:13:38] ERROR: Error: secretOrPrivateKey must have a value
    at module.exports [as sign] (C:\Users\HARIKUMARSRTC2021BEC\Desktop\Military Asset Management System\Backend\node_modules\jsonwebtoken\sign.js:111:20)
    at generateToken (C:\Users\HARIKUMARSRTC2021BEC\Desktop\Military Asset Management System\Backend\controllers\authController.js:9:14)
    at register (C:\Users\HARIKUMARSRTC2021BEC\Desktop\Military Asset Management System\Backend\controllers\authController.js:30:19)
[2025-06-12 11:15:33] INFO: POST /api/auth/register - ::1
[2025-06-12 11:15:52] INFO: POST /api/auth/login - ::1
[2025-06-12 11:15:53] ERROR: Error: secretOrPrivateKey must have a value
    at module.exports [as sign] (C:\Users\HARIKUMARSRTC2021BEC\Desktop\Military Asset Management System\Backend\node_modules\jsonwebtoken\sign.js:111:20)
    at generateToken (C:\Users\HARIKUMARSRTC2021BEC\Desktop\Military Asset Management System\Backend\controllers\authController.js:9:14)
    at login (C:\Users\HARIKUMARSRTC2021BEC\Desktop\Military Asset Management System\Backend\controllers\authController.js:70:19)
[2025-06-12 11:17:12] INFO: POST /api/auth/login - ::1
[2025-06-12 11:17:13] ERROR: Error: secretOrPrivateKey must have a value
    at module.exports [as sign] (C:\Users\HARIKUMARSRTC2021BEC\Desktop\Military Asset Management System\Backend\node_modules\jsonwebtoken\sign.js:111:20)
    at generateToken (C:\Users\HARIKUMARSRTC2021BEC\Desktop\Military Asset Management System\Backend\controllers\authController.js:9:14)
    at login (C:\Users\HARIKUMARSRTC2021BEC\Desktop\Military Asset Management System\Backend\controllers\authController.js:70:19)
[2025-06-12 11:17:59] INFO: POST /api/auth/register - ::1
[2025-06-12 11:18:00] ERROR: Error: secretOrPrivateKey must have a value
    at module.exports [as sign] (C:\Users\HARIKUMARSRTC2021BEC\Desktop\Military Asset Management System\Backend\node_modules\jsonwebtoken\sign.js:111:20)
    at generateToken (C:\Users\HARIKUMARSRTC2021BEC\Desktop\Military Asset Management System\Backend\controllers\authController.js:9:14)
    at register (C:\Users\HARIKUMARSRTC2021BEC\Desktop\Military Asset Management System\Backend\controllers\authController.js:30:19)
[2025-06-12 11:19:56] INFO: POST /api/auth/register - ::1
[2025-06-12 11:21:41] ERROR: SyntaxError: Expected double-quoted property name in JSON at position 57
    at JSON.parse (<anonymous>)
    at parse (C:\Users\HARIKUMARSRTC2021BEC\Desktop\Military Asset Management System\Backend\node_modules\body-parser\lib\types\json.js:92:19)
    at C:\Users\HARIKUMARSRTC2021BEC\Desktop\Military Asset Management System\Backend\node_modules\body-parser\lib\read.js:128:18
    at AsyncResource.runInAsyncScope (node:async_hooks:206:9)
    at invokeCallback (C:\Users\HARIKUMARSRTC2021BEC\Desktop\Military Asset Management System\Backend\node_modules\raw-body\index.js:238:16)
    at done (C:\Users\HARIKUMARSRTC2021BEC\Desktop\Military Asset Management System\Backend\node_modules\raw-body\index.js:227:7)
    at IncomingMessage.onEnd (C:\Users\HARIKUMARSRTC2021BEC\Desktop\Military Asset Management System\Backend\node_modules\raw-body\index.js:287:7)
    at IncomingMessage.emit (node:events:524:28)
    at endReadableNT (node:internal/streams/readable:1698:12)
    at process.processTicksAndRejections (node:internal/process/task_queues:82:21)
[2025-06-12 11:21:53] INFO: POST /api/auth/login - ::1
[2025-06-12 11:22:00] INFO: POST /api/auth/login - ::1
[2025-06-12 11:22:04] INFO: POST /api/auth/login - ::1
[2025-06-12 11:23:16] INFO: POST /api/auth/login - ::1
[2025-06-12 11:23:20] INFO: POST /api/auth/login - ::1
[2025-06-12 11:24:03] INFO: POST /api/auth/login - ::1
[2025-06-12 11:25:11] INFO: POST /api/auth/login - ::1
[2025-06-12 11:25:12] ERROR: Error: secretOrPrivateKey must have a value
    at module.exports [as sign] (C:\Users\HARIKUMARSRTC2021BEC\Desktop\Military Asset Management System\Backend\node_modules\jsonwebtoken\sign.js:111:20)
    at generateToken (C:\Users\HARIKUMARSRTC2021BEC\Desktop\Military Asset Management System\Backend\controllers\authController.js:9:14)
    at login (C:\Users\HARIKUMARSRTC2021BEC\Desktop\Military Asset Management System\Backend\controllers\authController.js:70:19)
[2025-06-12 11:28:26] INFO: Connected to SQLite database
[2025-06-12 11:28:26] INFO: Server running on port 5000
[2025-06-12 11:28:36] INFO: Connected to SQLite database
[2025-06-12 11:28:37] INFO: Connected to SQLite database
[2025-06-12 11:28:38] INFO: Server running on port 5000
[2025-06-12 11:28:44] INFO: Connected to SQLite database
[2025-06-12 11:28:44] INFO: Server running on port 5000
[2025-06-12 11:28:50] INFO: Connected to SQLite database
[2025-06-12 11:28:51] INFO: Server running on port 5000
[2025-06-12 11:29:01] INFO: Connected to SQLite database
[2025-06-12 11:29:02] INFO: Server running on port 5000
[2025-06-12 11:29:15] INFO: Connected to SQLite database
[2025-06-12 11:29:15] INFO: Server running on port 5000
[2025-06-12 11:29:55] INFO: Connected to SQLite database
[2025-06-12 11:29:55] INFO: Server running on port 5000
[2025-06-12 11:29:59] INFO: POST /api/auth/login - ::1
[2025-06-12 11:29:59] INFO: User logged in: surendar
[2025-06-12 11:35:59] INFO: Connected to SQLite database
[2025-06-12 11:35:59] INFO: Server running on port 5000
[2025-06-12 11:37:44] INFO: POST /api/users - ::1
[2025-06-12 11:38:38] INFO: POST /api/users - ::1
[2025-06-12 11:39:08] INFO: POST /api/users - ::1
[2025-06-12 11:39:17] INFO: POST /api/users - ::1
[2025-06-12 11:41:02] INFO: POST /api/users - ::1
[2025-06-12 11:41:54] INFO: POST /api/users - ::1
[2025-06-12 11:42:33] INFO: GET /api/users - ::1
[2025-06-12 11:43:37] INFO: GET /api/users/51c9fabc-3728-454e-b6e8-e7e7068009a3%0A - ::1
[2025-06-12 11:43:50] INFO: GET /api/users/%3C51c9fabc-3728-454e-b6e8-e7e7068009a3%3E%0A - ::1
[2025-06-12 11:45:51] INFO: GET /api/users/%3C51c9fabc-3728-454e-b6e8-e7e7068009a3%3E%0A - ::1
[2025-06-12 11:47:51] INFO: GET /api/users/51c9fabc-3728-454e-b6e8-e7e7068009a3 - ::1
[2025-06-12 12:08:25] INFO: GET /api/users - ::1
[2025-06-12 12:09:11] INFO: GET /api/users/51c9fabc-3728-454e-b6e8-e7e7068009a3/roles - ::1
[2025-06-12 12:09:38] INFO: GET /api/users/51c9fabc-3728-454e-b6e8-e7e7068009a3/1 - ::1
[2025-06-12 12:10:17] INFO: GET /api/users/51c9fabc-3728-454e-b6e8-e7e7068009a3/roles - ::1
[2025-06-12 12:11:00] INFO: GET /api/users/51c9fabc-3728-454e-b6e8-e7e7068009a3/roles - ::1
[2025-06-12 12:11:04] INFO: GET /api/users/51c9fabc-3728-454e-b6e8-e7e7068009a3/roles - ::1
[2025-06-12 12:24:03] INFO: GET /api/assets - ::1
[2025-06-12 12:30:21] INFO: POST /api/assets - ::1
[2025-06-12 12:30:21] ERROR: Error: SQLITE_CONSTRAINT: FOREIGN KEY constraint failed
[2025-06-12 12:30:30] INFO: POST /api/assets - ::1
[2025-06-12 12:30:30] ERROR: Error: SQLITE_CONSTRAINT: FOREIGN KEY constraint failed
[2025-06-12 12:32:29] INFO: POST /api/assets - ::1
[2025-06-12 12:32:29] INFO: New asset created: 98dcc427-de78-4bd0-8511-ed43bbad579e by surendar
[2025-06-12 12:35:58] INFO: GET /api/assets/98dcc427-de78-4bd0-8511-ed43bbad579e - ::1
[2025-06-12 12:37:02] INFO: GET /api/assets/metrics/dashboard - ::1
[2025-06-12 12:39:48] INFO: GET /api/assets/98dcc427-de78-4bd0-8511-ed43bbad579e - ::1
[2025-06-12 12:40:57] INFO: GET /api/assets/98dcc427-de78-4bd0-8511-ed43bbad579e/balance - ::1
[2025-06-12 12:42:06] INFO: GET /api/assets/%3CassetId%3E/balance - ::1
[2025-06-12 12:42:24] INFO: GET /api/assets/ - ::1
[2025-06-12 12:43:01] INFO: PUT /api/assets/98dcc427-de78-4bd0-8511-ed43bbad579e/balance - ::1
[2025-06-12 12:43:15] INFO: PUT /api/assets/98dcc427-de78-4bd0-8511-ed43bbad579e/balance - ::1
[2025-06-12 12:43:15] INFO: Asset balance updated for 98dcc427-de78-4bd0-8511-ed43bbad579e to 500000
[2025-06-12 12:43:51] INFO: GET /api/assets - ::1
[2025-06-12 12:53:07] INFO: POST /api/purchases - ::1
[2025-06-12 12:55:03] INFO: POST /api/purchases - ::1
[2025-06-12 12:55:03] ERROR: Error: SQLITE_CONSTRAINT: NOT NULL constraint failed: purchases.quantity
[2025-06-12 12:57:39] INFO: POST /api/purchases - ::1
[2025-06-12 12:57:52] INFO: POST /api/purchases - ::1
[2025-06-12 12:58:08] INFO: POST /api/purchases - ::1
[2025-06-12 12:58:26] INFO: POST /api/purchases - ::1
[2025-06-12 12:58:58] INFO: POST /api/purchases - ::1
[2025-06-12 12:58:58] ERROR: Error: SQLITE_CONSTRAINT: NOT NULL constraint failed: purchases.quantity
[2025-06-12 12:59:07] INFO: POST /api/purchases - ::1
[2025-06-12 12:59:50] INFO: POST /api/purchases - ::1
[2025-06-12 13:00:31] INFO: POST /api/purchases - ::1
[2025-06-12 13:00:31] ERROR: Error: SQLITE_CONSTRAINT: NOT NULL constraint failed: purchases.quantity
[2025-06-12 13:01:14] INFO: Connected to SQLite database
[2025-06-12 13:01:15] INFO: Server running on port 5000
[2025-06-12 15:45:13] INFO: Connected to SQLite database
[2025-06-12 15:45:16] INFO: Server running on port 5000
[2025-06-12 15:45:30] INFO: GET / - ::1
[2025-06-12 15:45:31] INFO: GET /favicon.ico - ::1
[2025-06-12 16:00:09] INFO: POST /api/purchases - ::1
[2025-06-12 16:00:09] ERROR: Error: SQLITE_CONSTRAINT: NOT NULL constraint failed: purchases.quantity
[2025-06-12 16:01:27] INFO: POST /api/purchases - ::1
[2025-06-12 16:01:27] ERROR: Error: SQLITE_CONSTRAINT: NOT NULL constraint failed: purchases.quantity
[2025-06-12 16:01:33] INFO: POST /api/purchases - ::1
[2025-06-12 16:01:55] INFO: POST /api/purchases - ::1
[2025-06-12 16:01:55] ERROR: Error: SQLITE_CONSTRAINT: NOT NULL constraint failed: purchases.quantity
[2025-06-12 16:06:21] INFO: Connected to SQLite database
[2025-06-12 16:06:21] INFO: Server running on port 5000
[2025-06-12 16:06:27] INFO: Connected to SQLite database
[2025-06-12 16:06:28] INFO: Server running on port 5000
[2025-06-12 16:06:30] INFO: Connected to SQLite database
[2025-06-12 16:06:30] INFO: Server running on port 5000
[2025-06-12 16:06:32] INFO: Connected to SQLite database
[2025-06-12 16:06:33] INFO: Server running on port 5000
[2025-06-12 16:06:38] INFO: POST /api/purchases - ::1
[2025-06-12 16:06:38] ERROR: Error: SQLITE_CONSTRAINT: FOREIGN KEY constraint failed
[2025-06-12 16:07:04] INFO: POST /api/purchases - ::1
[2025-06-12 16:07:04] ERROR: Error: SQLITE_CONSTRAINT: FOREIGN KEY constraint failed
[2025-06-12 16:08:54] INFO: GET /api/purchases - ::1
[2025-06-12 16:09:14] INFO: GET /api/purchases/a7f9948d-cf50-4a13-bce9-089a3cb2e34e - ::1
[2025-06-12 16:12:32] INFO: GET /api/assignments - ::1
[2025-06-12 16:14:11] INFO: GET /api/assignments - ::1
[2025-06-12 16:14:21] INFO: POST /api/assignments - ::1
[2025-06-12 16:14:21] INFO: Asset assigned: f4b112e1-f5e9-4cf1-b3c7-7c15ca04a3f3 to user e5a6e728-7f7e-484b-a81b-cf85360c19b7
[2025-06-12 16:16:05] INFO: GET /api/assignments - ::1
[2025-06-12 16:16:36] INFO: GET /api/assignments/f4b112e1-f5e9-4cf1-b3c7-7c15ca04a3f3 - ::1
[2025-06-12 16:18:23] INFO: PATCH /api/assignments/f4b112e1-f5e9-4cf1-b3c7-7c15ca04a3f3/return - ::1
[2025-06-12 16:18:53] INFO: PATCH /api/assignments/f4b112e1-f5e9-4cf1-b3c7-7c15ca04a3f3/return - ::1
[2025-06-12 16:18:53] INFO: Asset returned for assignment ID: f4b112e1-f5e9-4cf1-b3c7-7c15ca04a3f3
[2025-06-12 16:25:56] INFO: GET /api/expenditures - ::1
[2025-06-12 16:26:02] INFO: POST /api/expenditures - ::1
[2025-06-12 16:26:02] INFO: Expenditure recorded: 61e02207-0797-434d-b1a1-3291a6632466 for asset 98dcc427-de78-4bd0-8511-ed43bbad579e
[2025-06-12 16:26:15] INFO: GET /api/expenditures - ::1
[2025-06-12 16:26:23] INFO: POST /api/expenditures - ::1
[2025-06-12 16:26:23] INFO: Expenditure recorded: fa9b9906-b87d-4f4e-b812-1d6b03e09f61 for asset 98dcc427-de78-4bd0-8511-ed43bbad579e
[2025-06-12 16:26:29] INFO: GET /api/expenditures - ::1
[2025-06-12 16:35:45] INFO: GET /api/transfers - ::1
[2025-06-12 16:36:45] INFO: POST /api/transfers - ::1
[2025-06-12 16:36:45] INFO: Transfer initiated: 96c9c9a1-b710-43d2-a2bb-a8a8c9dcb197 by surendar
[2025-06-12 16:36:58] INFO: GET /api/transfers - ::1
[2025-06-12 16:41:26] INFO: GET /health - ::1
[2025-06-12 16:42:00] INFO: Connected to SQLite database
[2025-06-12 16:42:00] INFO: Server running on port 5000
[2025-06-12 16:42:08] INFO: Connected to SQLite database
[2025-06-12 16:42:08] INFO: Server running on port 5000
[2025-06-12 16:42:31] INFO: Connected to SQLite database
[2025-06-12 16:42:31] INFO: Server running on port 5000
[2025-06-12 16:42:42] INFO: Connected to SQLite database
[2025-06-12 16:42:43] INFO: Server running on port 5000
[2025-06-12 16:43:00] INFO: Connected to SQLite database
[2025-06-12 16:43:00] INFO: Server running on port 5000
[2025-06-12 16:43:03] INFO: Connected to SQLite database
[2025-06-12 16:43:04] INFO: Connected to SQLite database
[2025-06-12 16:43:05] INFO: Server running on port 5000
[2025-06-12 16:43:10] INFO: Connected to SQLite database
[2025-06-12 16:43:10] INFO: Server running on port 5000
[2025-06-12 16:43:17] INFO: Connected to SQLite database
[2025-06-12 16:43:20] INFO: Connected to SQLite database
[2025-06-12 16:43:23] INFO: Connected to SQLite database
[2025-06-12 16:43:25] INFO: Connected to SQLite database
[2025-06-12 16:43:26] INFO: Connected to SQLite database
[2025-06-12 16:43:27] INFO: Server running on port 5000
[2025-06-12 16:46:22] INFO: GET /api/audit - ::1
[2025-06-12 16:51:50] INFO: Connected to SQLite database
[2025-06-12 16:51:51] INFO: Server running on port 5000
[2025-06-12 16:51:59] INFO: Connected to SQLite database
[2025-06-12 16:51:59] INFO: Server running on port 5000
[2025-06-12 16:53:13] INFO: Connected to SQLite database
[2025-06-12 16:53:14] INFO: Server running on port 5000
[2025-06-12 16:54:58] INFO: Connected to SQLite database
[2025-06-12 16:54:59] INFO: Server running on port 5000
[2025-06-12 16:56:11] INFO: Connected to SQLite database
[2025-06-12 16:56:12] INFO: Server running on port 5000
[2025-06-12 16:57:26] INFO: Connected to SQLite database
[2025-06-12 16:57:26] INFO: Server running on port 5000
[2025-06-12 16:57:37] INFO: Connected to SQLite database
[2025-06-12 16:57:38] INFO: Connected to SQLite database
[2025-06-12 16:57:38] INFO: Server running on port 5000
[2025-06-12 16:58:51] INFO: Connected to SQLite database
[2025-06-12 16:58:51] INFO: Server running on port 5000
[2025-06-12 16:59:49] INFO: Connected to SQLite database
[2025-06-12 16:59:49] INFO: Server running on port 5000
[2025-06-12 17:00:37] INFO: Connected to SQLite database
[2025-06-12 17:00:37] INFO: Server running on port 5000
[2025-06-12 17:01:32] INFO: Connected to SQLite database
[2025-06-12 17:01:33] INFO: Server running on port 5000
[2025-06-12 17:01:51] INFO: GET /api/audit - ::1
[2025-06-12 17:02:23] INFO: GET /api/assignments - ::1
[2025-06-12 17:03:07] INFO: GET /api/audit - ::1
[2025-06-12 17:10:06] INFO: PATCH /api/assignments/f4b112e1-f5e9-4cf1-b3c7-7c15ca04a3f3/return - ::1
[2025-06-12 17:10:06] INFO: Asset returned for assignment ID: f4b112e1-f5e9-4cf1-b3c7-7c15ca04a3f3
[2025-06-12 17:10:53] INFO: GET /api/audit - ::1
[2025-06-12 17:25:52] INFO: Connected to SQLite database
